<?xml version="1.0" encoding="UTF-8"?>
<testsuite xmlns:xsi="http://www.w3.org/2001/XMLSchema-instance" xsi:noNamespaceSchemaLocation="https://maven.apache.org/surefire/maven-surefire-plugin/xsd/surefire-test-report-3.0.xsd" version="3.0" name="com.microservice.megha.RestfulWebServiceApplicationTests" time="2.628" tests="1" errors="0" skipped="0" failures="0">
  <properties>
[...]
</properties>
  <testcase name="contextLoads" classname="com.microservice.megha.RestfulWebServiceApplicationTests" time="0.448">
    <system-out><![CDATA[21:04:40.254 [main] INFO org.springframework.test.context.support.AnnotationConfigContextLoaderUtils -- Could not detect default configuration classes for test class [com.microservice.megha.RestfulWebServiceApplicationTests]: RestfulWebServiceApplicationTests does not declare any static, non-private, non-final, nested classes annotated with @Configuration.
21:04:40.325 [main] INFO org.springframework.boot.test.context.SpringBootTestContextBootstrapper -- Found @SpringBootConfiguration com.microservice.megha.RestfulWebServiceApplication for test class com.microservice.megha.RestfulWebServiceApplicationTests

  .   ____          _            __ _ _
 /\\ / ___'_ __ _ _(_)_ __  __ _ \ \ \ \
( ( )\___ | '_ | '_| | '_ \/ _` | \ \ \ \
 \\/  ___)| |_)| | | | | || (_| |  ) ) ) )
  '  |____| .__|_| |_|_| |_\__, | / / / /
 =========|_|==============|___/=/_/_/_/
 :: Spring Boot ::             (v3.2.0-M3)

2023-09-26T21:04:40.599+05:30  INFO 95652 --- [           main] c.m.m.RestfulWebServiceApplicationTests  : Starting RestfulWebServiceApplicationTests using Java 18.0.2 with PID 95652 (started by megha in /Users/megha/IdeaProjects/restful-web-service)
2023-09-26T21:04:40.600+05:30  INFO 95652 --- [           main] c.m.m.RestfulWebServiceApplicationTests  : No active profile set, falling back to 1 default profile: "default"
2023-09-26T21:04:41.102+05:30  INFO 95652 --- [           main] .s.d.r.c.RepositoryConfigurationDelegate : Bootstrapping Spring Data JPA repositories in DEFAULT mode.
2023-09-26T21:04:41.116+05:30  INFO 95652 --- [           main] .s.d.r.c.RepositoryConfigurationDelegate : Finished Spring Data repository scanning in 8 ms. Found 0 JPA repository interfaces.
2023-09-26T21:04:41.397+05:30  INFO 95652 --- [           main] com.zaxxer.hikari.HikariDataSource       : HikariPool-1 - Starting...
2023-09-26T21:04:41.522+05:30  INFO 95652 --- [           main] com.zaxxer.hikari.pool.HikariPool        : HikariPool-1 - Added connection conn0: url=jdbc:h2:mem:503b5606-8103-425b-b1a4-a72fcaf8df40 user=SA
2023-09-26T21:04:41.523+05:30  INFO 95652 --- [           main] com.zaxxer.hikari.HikariDataSource       : HikariPool-1 - Start completed.
2023-09-26T21:04:41.553+05:30  INFO 95652 --- [           main] o.hibernate.jpa.internal.util.LogHelper  : HHH000204: Processing PersistenceUnitInfo [name: default]
2023-09-26T21:04:41.586+05:30  INFO 95652 --- [           main] org.hibernate.Version                    : HHH000412: Hibernate ORM core version 6.3.1.Final
2023-09-26T21:04:41.605+05:30  INFO 95652 --- [           main] o.h.c.internal.RegionFactoryInitiator    : HHH000026: Second-level cache disabled
2023-09-26T21:04:41.747+05:30  INFO 95652 --- [           main] o.s.o.j.p.SpringPersistenceUnitInfo      : No LoadTimeWeaver setup: ignoring JPA class transformer
2023-09-26T21:04:41.954+05:30  INFO 95652 --- [           main] o.h.e.t.j.p.i.JtaPlatformInitiator       : HHH000489: No JTA platform available (set 'hibernate.transaction.jta.platform' to enable JTA platform integration)
2023-09-26T21:04:41.956+05:30  INFO 95652 --- [           main] j.LocalContainerEntityManagerFactoryBean : Initialized JPA EntityManagerFactory for persistence unit 'default'
2023-09-26T21:04:42.051+05:30  WARN 95652 --- [           main] JpaBaseConfiguration$JpaWebConfiguration : spring.jpa.open-in-view is enabled by default. Therefore, database queries may be performed during view rendering. Explicitly configure spring.jpa.open-in-view to disable this warning
2023-09-26T21:04:42.290+05:30  INFO 95652 --- [           main] c.m.m.RestfulWebServiceApplicationTests  : Started RestfulWebServiceApplicationTests in 1.863 seconds (process running for 2.831)
]]></system-out>
  </testcase>
</testsuite>